<?xml version="1.0" encoding="UTF-8"?>
<!-- Generated by org.testng.reporters.JUnitXMLReporter -->
<testsuite hostname="PC-20160810TGPH" name="Test" tests="2" failures="1" timestamp="9 Jun 2017 03:14:59 GMT" time="0.053" errors="0">
  <testcase name="f1" time="0.021" classname="com.T59test.oneTest">
    <failure type="java.lang.AssertionError" message="f1 expected [false] but found [true]">
      <![CDATA[java.lang.AssertionError: f1 expected [false] but found [true]
	at com.T59test.oneTest.f1(oneTest.java:9)
... Removed 27 stack frames]]>
    </failure>
  </testcase> <!-- f1 -->
  <testcase name="f2" time="0.001" classname="com.T59test.oneTest"/>
</testsuite> <!-- Test -->
